[2026-02-23T14:58:26.475Z] INFO 🏗️ Foundation Monitor Started
[2026-02-23T14:58:31.484Z] INFO Checking Binance...
[2026-02-23T14:58:31.786Z] SUCCESS ✅ Connected to Binance
[2026-02-23T14:58:31.786Z] INFO ✅ Binance: $65910.47
[2026-02-23T14:58:36.484Z] INFO Checking Binance...
[2026-02-23T14:58:36.749Z] INFO ✅ Binance: $65881.92
[2026-02-23T14:58:41.485Z] INFO Checking Binance...
[2026-02-23T14:58:41.749Z] INFO ✅ Binance: $65902.87
[2026-02-23T14:58:46.486Z] INFO Checking Binance...
[2026-02-23T14:58:46.745Z] INFO ✅ Binance: $65899.34
[2026-02-23T14:58:51.487Z] INFO Checking Binance...
[2026-02-23T14:58:51.746Z] INFO ✅ Binance: $65888.53
[2026-02-23T14:58:56.489Z] INFO Checking Binance...
[2026-02-23T14:58:56.745Z] INFO ✅ Binance: $65892.56
[2026-02-23T14:59:01.489Z] INFO Checking Binance...
[2026-02-23T14:59:01.873Z] INFO ✅ Binance: $65892.56
[2026-02-23T14:59:06.490Z] INFO Checking Binance...
[2026-02-23T14:59:06.764Z] INFO ✅ Binance: $65900.73
[2026-02-23T14:59:11.492Z] INFO Checking Binance...
[2026-02-23T14:59:11.797Z] INFO ✅ Binance: $65900.74
[2026-02-23T14:59:16.493Z] INFO Checking Binance...
[2026-02-23T14:59:16.756Z] INFO ✅ Binance: $65902.99
[2026-02-23T14:59:21.494Z] INFO Checking Binance...
[2026-02-23T14:59:21.753Z] INFO ✅ Binance: $65895.77
[2026-02-23T14:59:26.495Z] INFO Checking Binance...
[2026-02-23T14:59:26.756Z] INFO ✅ Binance: $65903.01
[2026-02-23T14:59:31.496Z] INFO Checking Binance...
[2026-02-23T14:59:31.771Z] INFO ✅ Binance: $65907.99
[2026-02-23T14:59:36.498Z] INFO Checking Binance...
[2026-02-23T14:59:36.757Z] INFO ✅ Binance: $65899.34
[2026-02-23T14:59:41.498Z] INFO Checking Binance...
[2026-02-23T14:59:41.794Z] INFO ✅ Binance: $65899.35
[2026-02-23T14:59:46.499Z] INFO Checking Binance...
[2026-02-23T14:59:46.761Z] INFO ✅ Binance: $65944.47
[2026-02-23T14:59:51.499Z] INFO Checking Binance...
[2026-02-23T14:59:51.761Z] INFO ✅ Binance: $65932.77
[2026-02-23T14:59:56.501Z] INFO Checking Binance...
[2026-02-23T14:59:56.764Z] INFO ✅ Binance: $65923.53
[2026-02-23T15:00:01.501Z] INFO Checking Binance...
[2026-02-23T15:00:01.859Z] INFO ✅ Binance: $65940.46
[2026-02-23T15:00:06.502Z] INFO Checking Binance...
[2026-02-23T15:00:06.888Z] INFO ✅ Binance: $65931.56
[2026-02-23T15:00:11.503Z] INFO Checking Binance...
[2026-02-23T15:00:11.869Z] INFO ✅ Binance: $65939.17
[2026-02-23T15:00:16.504Z] INFO Checking Binance...
[2026-02-23T15:00:16.763Z] INFO ✅ Binance: $65928.7
[2026-02-23T15:00:21.505Z] INFO Checking Binance...
[2026-02-23T15:00:21.857Z] INFO ✅ Binance: $65953.8
[2026-02-23T15:00:26.506Z] INFO Checking Binance...
[2026-02-23T15:00:26.772Z] INFO ✅ Binance: $65950.31
[2026-02-23T15:00:31.507Z] INFO Checking Binance...
[2026-02-23T15:00:31.768Z] INFO ✅ Binance: $65985.48
[2026-02-23T15:00:36.508Z] INFO Checking Binance...
[2026-02-23T15:00:36.773Z] INFO ✅ Binance: $65961.73
[2026-02-23T15:00:41.509Z] INFO Checking Binance...
[2026-02-23T15:00:41.795Z] INFO ✅ Binance: $65950.92
[2026-02-23T15:00:46.510Z] INFO Checking Binance...
[2026-02-23T15:00:46.774Z] INFO ✅ Binance: $65968.59
[2026-02-23T15:00:51.511Z] INFO Checking Binance...
[2026-02-23T15:00:52.235Z] INFO ✅ Binance: $65982.59
[2026-02-23T15:00:56.511Z] INFO Checking Binance...
[2026-02-23T15:00:56.808Z] INFO ✅ Binance: $65982.57
[2026-02-23T15:01:01.512Z] INFO Checking Binance...
[2026-02-23T15:01:02.003Z] INFO ✅ Binance: $65961.52
[2026-02-23T15:01:06.512Z] INFO Checking Binance...
[2026-02-23T15:01:06.787Z] INFO ✅ Binance: $65993.97
[2026-02-23T15:01:11.514Z] INFO Checking Binance...
[2026-02-23T15:01:11.776Z] INFO ✅ Binance: $66028.16
[2026-02-23T15:01:16.515Z] INFO Checking Binance...
[2026-02-23T15:01:16.777Z] INFO ✅ Binance: $66063.99
[2026-02-23T15:01:21.517Z] INFO Checking Binance...
[2026-02-23T15:01:21.777Z] INFO ✅ Binance: $66074.33
[2026-02-23T15:01:26.518Z] INFO Checking Binance...
[2026-02-23T15:01:26.794Z] INFO ✅ Binance: $66065.28
[2026-02-23T15:01:31.520Z] INFO Checking Binance...
[2026-02-23T15:01:31.836Z] INFO ✅ Binance: $66054.01
[2026-02-23T15:01:36.521Z] INFO Checking Binance...
[2026-02-23T15:01:36.788Z] INFO ✅ Binance: $66074.08
[2026-02-23T15:01:41.523Z] INFO Checking Binance...
[2026-02-23T15:01:41.821Z] INFO ✅ Binance: $66016.67
[2026-02-23T15:01:46.525Z] INFO Checking Binance...
[2026-02-23T15:01:46.786Z] INFO ✅ Binance: $66039.15
[2026-02-23T15:01:51.526Z] INFO Checking Binance...
[2026-02-23T15:01:51.791Z] INFO ✅ Binance: $66045.14
[2026-02-23T15:01:56.527Z] INFO Checking Binance...
[2026-02-23T15:01:56.790Z] INFO ✅ Binance: $65989.75
[2026-02-23T15:02:01.528Z] INFO Checking Binance...
[2026-02-23T15:02:01.787Z] INFO ✅ Binance: $65970.83
[2026-02-23T15:02:06.530Z] INFO Checking Binance...
[2026-02-23T15:02:07.034Z] INFO ✅ Binance: $65954
[2026-02-23T15:02:11.531Z] INFO Checking Binance...
[2026-02-23T15:02:11.800Z] INFO ✅ Binance: $65979.04
[2026-02-23T15:02:16.532Z] INFO Checking Binance...
[2026-02-23T15:02:16.801Z] INFO ✅ Binance: $66008.25
[2026-02-23T15:02:21.534Z] INFO Checking Binance...
[2026-02-23T15:02:21.798Z] INFO ✅ Binance: $65996.22
[2026-02-23T15:02:26.535Z] INFO Checking Binance...
[2026-02-23T15:02:26.796Z] INFO ✅ Binance: $65973.89
[2026-02-23T15:02:31.537Z] INFO Checking Binance...
[2026-02-23T15:02:31.798Z] INFO ✅ Binance: $65984.23
[2026-02-23T15:02:36.538Z] INFO Checking Binance...
[2026-02-23T15:02:36.808Z] INFO ✅ Binance: $65962.33
[2026-02-23T15:02:41.540Z] INFO Checking Binance...
[2026-02-23T15:02:41.813Z] INFO ✅ Binance: $65939.01
[2026-02-23T15:02:46.542Z] INFO Checking Binance...
[2026-02-23T15:02:46.813Z] INFO ✅ Binance: $65931.66
[2026-02-23T15:02:51.543Z] INFO Checking Binance...
[2026-02-23T15:02:51.802Z] INFO ✅ Binance: $65930.79
[2026-02-23T15:02:56.545Z] INFO Checking Binance...
[2026-02-23T15:02:56.803Z] INFO ✅ Binance: $65930.79
[2026-02-23T15:03:01.546Z] INFO Checking Binance...
[2026-02-23T15:03:01.816Z] INFO ✅ Binance: $65860.08
[2026-02-23T15:03:06.547Z] INFO Checking Binance...
[2026-02-23T15:03:06.807Z] INFO ✅ Binance: $65823.02
[2026-02-23T15:03:11.549Z] INFO Checking Binance...
[2026-02-23T15:03:11.844Z] INFO ✅ Binance: $65804.52
[2026-02-23T15:03:16.551Z] INFO Checking Binance...
[2026-02-23T15:03:16.819Z] INFO ✅ Binance: $65844.22
[2026-02-23T15:03:21.553Z] INFO Checking Binance...
[2026-02-23T15:03:22.703Z] INFO ✅ Binance: $65878.43
[2026-02-23T15:03:26.556Z] INFO Checking Binance...
[2026-02-23T15:03:26.808Z] INFO ✅ Binance: $65820.84
[2026-02-23T15:03:31.557Z] INFO Checking Binance...
[2026-02-23T15:03:31.820Z] INFO ✅ Binance: $65851.17
[2026-02-23T15:03:36.559Z] INFO Checking Binance...
[2026-02-23T15:03:36.870Z] INFO ✅ Binance: $65846.57
[2026-02-23T15:03:41.561Z] INFO Checking Binance...
[2026-02-23T15:03:41.834Z] INFO ✅ Binance: $65804.9
[2026-02-23T15:03:46.562Z] INFO Checking Binance...
[2026-02-23T15:03:46.819Z] INFO ✅ Binance: $65819.74
[2026-02-23T15:03:51.563Z] INFO Checking Binance...
[2026-02-23T15:03:51.825Z] INFO ✅ Binance: $65819.98
[2026-02-23T15:03:56.564Z] INFO Checking Binance...
[2026-02-23T15:03:56.823Z] INFO ✅ Binance: $65789.26
[2026-02-23T15:04:01.566Z] INFO Checking Binance...
[2026-02-23T15:04:01.937Z] INFO ✅ Binance: $65746.24
[2026-02-23T15:04:06.567Z] INFO Checking Binance...
[2026-02-23T15:04:06.830Z] INFO ✅ Binance: $65796.04
[2026-02-23T15:04:11.568Z] INFO Checking Binance...
[2026-02-23T15:04:11.844Z] INFO ✅ Binance: $65788.71
[2026-02-23T15:04:16.569Z] INFO Checking Binance...
[2026-02-23T15:04:16.836Z] INFO ✅ Binance: $65777.21
[2026-02-23T15:04:21.571Z] INFO Checking Binance...
[2026-02-23T15:04:21.828Z] INFO ✅ Binance: $65733.82
[2026-02-23T15:04:26.573Z] INFO Checking Binance...
[2026-02-23T15:04:26.846Z] INFO ✅ Binance: $65739.49
[2026-02-23T15:04:31.574Z] INFO Checking Binance...
[2026-02-23T15:04:31.937Z] INFO ✅ Binance: $65754.43
[2026-02-23T15:04:36.575Z] INFO Checking Binance...
[2026-02-23T15:04:36.836Z] INFO ✅ Binance: $65747.31
[2026-02-23T15:04:41.576Z] INFO Checking Binance...
[2026-02-23T15:04:41.850Z] INFO ✅ Binance: $65746
[2026-02-23T15:04:46.577Z] INFO Checking Binance...
[2026-02-23T15:04:46.835Z] INFO ✅ Binance: $65741.82
[2026-02-23T15:04:51.578Z] INFO Checking Binance...
[2026-02-23T15:04:51.836Z] INFO ✅ Binance: $65745.33
[2026-02-23T15:04:56.579Z] INFO Checking Binance...
[2026-02-23T15:04:56.862Z] INFO ✅ Binance: $65748.6
[2026-02-23T15:05:01.580Z] INFO Checking Binance...
[2026-02-23T15:05:01.844Z] INFO ✅ Binance: $65752.07
[2026-02-23T15:05:06.582Z] INFO Checking Binance...
[2026-02-23T15:05:06.873Z] INFO ✅ Binance: $65740.97
[2026-02-23T15:05:11.583Z] INFO Checking Binance...
[2026-02-23T15:05:11.879Z] INFO ✅ Binance: $65759.6
[2026-02-23T15:05:16.585Z] INFO Checking Binance...
[2026-02-23T15:05:16.847Z] INFO ✅ Binance: $65755.8
[2026-02-23T15:05:21.585Z] INFO Checking Binance...
[2026-02-23T15:05:21.843Z] INFO ✅ Binance: $65743
[2026-02-23T15:05:26.586Z] INFO Checking Binance...
[2026-02-23T15:05:26.844Z] INFO ✅ Binance: $65741.97
[2026-02-23T15:05:31.587Z] INFO Checking Binance...
[2026-02-23T15:05:31.845Z] INFO ✅ Binance: $65753.44
[2026-02-23T15:05:36.590Z] INFO Checking Binance...
[2026-02-23T15:05:37.392Z] INFO ✅ Binance: $65762
[2026-02-23T15:05:41.591Z] INFO Checking Binance...
[2026-02-23T15:05:41.851Z] INFO ✅ Binance: $65758.82
[2026-02-23T15:05:46.592Z] INFO Checking Binance...
[2026-02-23T15:05:47.332Z] INFO ✅ Binance: $65760.56
[2026-02-23T15:05:51.593Z] INFO Checking Binance...
[2026-02-23T15:05:51.853Z] INFO ✅ Binance: $65746.78
[2026-02-23T15:05:56.594Z] INFO Checking Binance...
[2026-02-23T15:05:56.858Z] INFO ✅ Binance: $65758.6
[2026-02-23T15:06:01.595Z] INFO Checking Binance...
[2026-02-23T15:06:02.006Z] INFO ✅ Binance: $65791.73
[2026-02-23T15:06:06.596Z] INFO Checking Binance...
[2026-02-23T15:06:06.853Z] INFO ✅ Binance: $65829.58
[2026-02-23T15:06:11.598Z] INFO Checking Binance...
[2026-02-23T15:06:11.864Z] INFO ✅ Binance: $65868.01
[2026-02-23T15:06:16.599Z] INFO Checking Binance...
[2026-02-23T15:06:16.857Z] INFO ✅ Binance: $65840.01
[2026-02-23T15:06:21.601Z] INFO Checking Binance...
[2026-02-23T15:06:21.880Z] INFO ✅ Binance: $65849.23
[2026-02-23T15:06:26.602Z] INFO Checking Binance...
[2026-02-23T15:06:26.875Z] INFO ✅ Binance: $65847.74
[2026-02-23T15:06:31.604Z] INFO Checking Binance...
[2026-02-23T15:06:31.877Z] INFO ✅ Binance: $65855.79
[2026-02-23T15:06:36.605Z] INFO Checking Binance...
[2026-02-23T15:06:36.866Z] INFO ✅ Binance: $65840.91
[2026-02-23T15:06:41.606Z] INFO Checking Binance...
[2026-02-23T15:06:41.883Z] INFO ✅ Binance: $65857.87
[2026-02-23T15:06:46.607Z] INFO Checking Binance...
[2026-02-23T15:06:46.864Z] INFO ✅ Binance: $65886.2
[2026-02-23T15:06:51.608Z] INFO Checking Binance...
[2026-02-23T15:06:51.883Z] INFO ✅ Binance: $65902.42
[2026-02-23T15:06:56.609Z] INFO Checking Binance...
[2026-02-23T15:06:56.870Z] INFO ✅ Binance: $65908.99
[2026-02-23T15:07:01.610Z] INFO Checking Binance...
[2026-02-23T15:07:01.941Z] INFO ✅ Binance: $65886.48
[2026-02-23T15:07:06.612Z] INFO Checking Binance...
[2026-02-23T15:07:06.868Z] INFO ✅ Binance: $65887.78
[2026-02-23T15:07:11.613Z] INFO Checking Binance...
[2026-02-23T15:07:11.875Z] INFO ✅ Binance: $65882.72
[2026-02-23T15:07:16.615Z] INFO Checking Binance...
[2026-02-23T15:07:16.872Z] INFO ✅ Binance: $65874.96
[2026-02-23T15:07:21.617Z] INFO Checking Binance...
[2026-02-23T15:07:21.874Z] INFO ✅ Binance: $65850.16
[2026-02-23T15:07:26.618Z] INFO Checking Binance...
[2026-02-23T15:07:26.899Z] INFO ✅ Binance: $65857.58
[2026-02-23T15:07:31.620Z] INFO Checking Binance...
[2026-02-23T15:07:31.877Z] INFO ✅ Binance: $65848
[2026-02-23T15:07:36.621Z] INFO Checking Binance...
[2026-02-23T15:07:36.895Z] INFO ✅ Binance: $65866.33
[2026-02-23T15:07:41.623Z] INFO Checking Binance...
[2026-02-23T15:07:41.895Z] INFO ✅ Binance: $65863.54
[2026-02-23T15:07:46.623Z] INFO Checking Binance...
[2026-02-23T15:07:46.882Z] INFO ✅ Binance: $65863.53
[2026-02-23T15:07:51.624Z] INFO Checking Binance...
[2026-02-23T15:07:52.092Z] INFO ✅ Binance: $65902.41
[2026-02-23T15:07:56.625Z] INFO Checking Binance...
[2026-02-23T15:07:56.885Z] INFO ✅ Binance: $65913.75
[2026-02-23T15:08:01.626Z] INFO Checking Binance...
[2026-02-23T15:08:01.884Z] INFO ✅ Binance: $65905.53
[2026-02-23T15:08:06.627Z] INFO Checking Binance...
[2026-02-23T15:08:06.906Z] INFO ✅ Binance: $65866
[2026-02-23T15:08:11.628Z] INFO Checking Binance...
[2026-02-23T15:08:11.884Z] INFO ✅ Binance: $65827.26
[2026-02-23T15:08:16.628Z] INFO Checking Binance...
[2026-02-23T15:08:16.902Z] INFO ✅ Binance: $65823.21
[2026-02-23T15:08:21.630Z] INFO Checking Binance...
[2026-02-23T15:08:21.885Z] INFO ✅ Binance: $65812.16
[2026-02-23T15:08:26.630Z] INFO Checking Binance...
[2026-02-23T15:08:26.889Z] INFO ✅ Binance: $65808.6
[2026-02-23T15:08:31.632Z] INFO Checking Binance...
[2026-02-23T15:08:31.891Z] INFO ✅ Binance: $65806
[2026-02-23T15:08:36.633Z] INFO Checking Binance...
[2026-02-23T15:08:36.890Z] INFO ✅ Binance: $65829.99
[2026-02-23T15:08:41.634Z] INFO Checking Binance...
[2026-02-23T15:08:41.896Z] INFO ✅ Binance: $65837.4
[2026-02-23T15:08:46.636Z] INFO Checking Binance...
[2026-02-23T15:08:46.901Z] INFO ✅ Binance: $65832.79
[2026-02-23T15:08:51.637Z] INFO Checking Binance...
[2026-02-23T15:08:51.910Z] INFO ✅ Binance: $65826.27
[2026-02-23T15:08:56.637Z] INFO Checking Binance...
[2026-02-23T15:08:56.915Z] INFO ✅ Binance: $65851.87
[2026-02-23T15:09:01.638Z] INFO Checking Binance...
[2026-02-23T15:09:01.912Z] INFO ✅ Binance: $65836.49
[2026-02-23T15:09:06.639Z] INFO Checking Binance...
[2026-02-23T15:09:06.899Z] INFO ✅ Binance: $65855.91
[2026-02-23T15:09:11.640Z] INFO Checking Binance...
[2026-02-23T15:09:11.912Z] INFO ✅ Binance: $65854.95
[2026-02-23T15:09:16.641Z] INFO Checking Binance...
[2026-02-23T15:09:16.922Z] INFO ✅ Binance: $65837.03
[2026-02-23T15:09:21.642Z] INFO Checking Binance...
[2026-02-23T15:09:21.916Z] INFO ✅ Binance: $65809.1
[2026-02-23T15:09:26.644Z] INFO Checking Binance...
[2026-02-23T15:09:26.909Z] INFO ✅ Binance: $65785.05
[2026-02-23T15:09:31.645Z] INFO Checking Binance...
[2026-02-23T15:09:31.919Z] INFO ✅ Binance: $65798.77
[2026-02-23T15:09:36.646Z] INFO Checking Binance...
[2026-02-23T15:09:36.918Z] INFO ✅ Binance: $65797.18
[2026-02-23T15:09:41.647Z] INFO Checking Binance...
[2026-02-23T15:09:41.903Z] INFO ✅ Binance: $65816.1
[2026-02-23T15:09:46.648Z] INFO Checking Binance...
[2026-02-23T15:09:46.921Z] INFO ✅ Binance: $65838
[2026-02-23T15:09:51.649Z] INFO Checking Binance...
[2026-02-23T15:09:51.907Z] INFO ✅ Binance: $65842.92
[2026-02-23T15:09:56.650Z] INFO Checking Binance...
[2026-02-23T15:09:56.906Z] INFO ✅ Binance: $65840.1
[2026-02-23T15:10:01.651Z] INFO Checking Binance...
[2026-02-23T15:10:02.000Z] INFO ✅ Binance: $65864.54
[2026-02-23T15:10:06.653Z] INFO Checking Binance...
[2026-02-23T15:10:06.918Z] INFO ✅ Binance: $65888.86
[2026-02-23T15:10:11.654Z] INFO Checking Binance...
[2026-02-23T15:10:11.943Z] INFO ✅ Binance: $65901.99
[2026-02-23T15:10:16.654Z] INFO Checking Binance...
[2026-02-23T15:10:16.915Z] INFO ✅ Binance: $65903.58
[2026-02-23T15:10:21.655Z] INFO Checking Binance...
[2026-02-23T15:10:21.930Z] INFO ✅ Binance: $65880.01
[2026-02-23T15:10:26.656Z] INFO Checking Binance...
[2026-02-23T15:10:26.913Z] INFO ✅ Binance: $65868.82
[2026-02-23T15:10:31.658Z] INFO Checking Binance...
[2026-02-23T15:10:31.936Z] INFO ✅ Binance: $65858.87
[2026-02-23T15:10:36.658Z] INFO Checking Binance...
[2026-02-23T15:10:36.916Z] INFO ✅ Binance: $65860.69
[2026-02-23T15:10:41.659Z] INFO Checking Binance...
[2026-02-23T15:10:41.918Z] INFO ✅ Binance: $65881.67
[2026-02-23T15:10:46.661Z] INFO Checking Binance...
[2026-02-23T15:10:46.931Z] INFO ✅ Binance: $65936.51
[2026-02-23T15:10:51.662Z] INFO Checking Binance...
[2026-02-23T15:10:51.921Z] INFO ✅ Binance: $65968.65
[2026-02-23T15:10:56.662Z] INFO Checking Binance...
[2026-02-23T15:10:56.934Z] INFO ✅ Binance: $65977.73
[2026-02-23T15:11:01.663Z] INFO Checking Binance...
[2026-02-23T15:11:01.941Z] INFO ✅ Binance: $65971.45
[2026-02-23T15:11:06.664Z] INFO Checking Binance...
[2026-02-23T15:11:06.941Z] INFO ✅ Binance: $65973.42
[2026-02-23T15:11:11.666Z] INFO Checking Binance...
[2026-02-23T15:11:11.921Z] INFO ✅ Binance: $65981.23
[2026-02-23T15:11:16.666Z] INFO Checking Binance...
[2026-02-23T15:11:16.928Z] INFO ✅ Binance: $65977.07
[2026-02-23T15:11:21.667Z] INFO Checking Binance...
[2026-02-23T15:11:21.941Z] INFO ✅ Binance: $66012.72
[2026-02-23T15:11:26.668Z] INFO Checking Binance...
[2026-02-23T15:11:26.941Z] INFO ✅ Binance: $66025.03
[2026-02-23T15:11:31.669Z] INFO Checking Binance...
[2026-02-23T15:11:31.944Z] INFO ✅ Binance: $66013.14
[2026-02-23T15:11:36.670Z] INFO Checking Binance...
[2026-02-23T15:11:36.945Z] INFO ✅ Binance: $66004.91
[2026-02-23T15:11:41.671Z] INFO Checking Binance...
[2026-02-23T15:11:42.459Z] INFO ✅ Binance: $66001.36
[2026-02-23T15:11:46.672Z] INFO Checking Binance...
[2026-02-23T15:11:46.945Z] INFO ✅ Binance: $65984.72
[2026-02-23T15:11:51.672Z] INFO Checking Binance...
[2026-02-23T15:11:51.929Z] INFO ✅ Binance: $65993.85
[2026-02-23T15:11:56.674Z] INFO Checking Binance...
[2026-02-23T15:11:56.947Z] INFO ✅ Binance: $66019.45
[2026-02-23T15:12:01.674Z] INFO Checking Binance...
[2026-02-23T15:12:01.963Z] INFO ✅ Binance: $65998.35
[2026-02-23T15:12:06.676Z] INFO Checking Binance...
[2026-02-23T15:12:06.950Z] INFO ✅ Binance: $65967.29
[2026-02-23T15:12:11.678Z] INFO Checking Binance...
[2026-02-23T15:12:11.937Z] INFO ✅ Binance: $65941.25
[2026-02-23T15:12:16.679Z] INFO Checking Binance...
[2026-02-23T15:12:16.935Z] INFO ✅ Binance: $65946.85
[2026-02-23T15:12:21.681Z] INFO Checking Binance...
[2026-02-23T15:12:21.942Z] INFO ✅ Binance: $65921.01
[2026-02-23T15:12:26.683Z] INFO Checking Binance...
[2026-02-23T15:12:26.955Z] INFO ✅ Binance: $65906.6
[2026-02-23T15:12:31.685Z] INFO Checking Binance...
[2026-02-23T15:12:31.944Z] INFO ✅ Binance: $65927.93
[2026-02-23T15:12:36.686Z] INFO Checking Binance...
[2026-02-23T15:12:36.942Z] INFO ✅ Binance: $65904.5
[2026-02-23T15:12:41.688Z] INFO Checking Binance...
[2026-02-23T15:12:41.970Z] INFO ✅ Binance: $65896.75
[2026-02-23T15:12:46.689Z] INFO Checking Binance...
[2026-02-23T15:12:46.948Z] INFO ✅ Binance: $65900.42
[2026-02-23T15:12:51.690Z] INFO Checking Binance...
[2026-02-23T15:12:51.965Z] INFO ✅ Binance: $65900.41
[2026-02-23T15:12:56.692Z] INFO Checking Binance...
[2026-02-23T15:12:56.970Z] INFO ✅ Binance: $65860.17
[2026-02-23T15:13:01.693Z] INFO Checking Binance...
[2026-02-23T15:13:01.967Z] INFO ✅ Binance: $65880.13
[2026-02-23T15:13:06.694Z] INFO Checking Binance...
[2026-02-23T15:13:06.968Z] INFO ✅ Binance: $65880.13
[2026-02-23T15:13:11.694Z] INFO Checking Binance...
[2026-02-23T15:13:11.953Z] INFO ✅ Binance: $65880
[2026-02-23T15:13:16.695Z] INFO Checking Binance...
[2026-02-23T15:13:16.966Z] INFO ✅ Binance: $65941.03
[2026-02-23T15:13:21.696Z] INFO Checking Binance...
[2026-02-23T15:13:21.974Z] INFO ✅ Binance: $65940.48
[2026-02-23T15:13:26.698Z] INFO Checking Binance...
[2026-02-23T15:13:26.966Z] INFO ✅ Binance: $65936.31
[2026-02-23T15:13:31.700Z] INFO Checking Binance...
[2026-02-23T15:13:31.973Z] INFO ✅ Binance: $65937.61
[2026-02-23T15:13:36.701Z] INFO Checking Binance...
[2026-02-23T15:13:36.963Z] INFO ✅ Binance: $65937.61
[2026-02-23T15:13:41.702Z] INFO Checking Binance...
[2026-02-23T15:13:41.975Z] INFO ✅ Binance: $65942
[2026-02-23T15:13:46.703Z] INFO Checking Binance...
[2026-02-23T15:13:46.962Z] INFO ✅ Binance: $65935.09
[2026-02-23T15:13:51.705Z] INFO Checking Binance...
[2026-02-23T15:13:51.961Z] INFO ✅ Binance: $65935.09
[2026-02-23T15:13:56.706Z] INFO Checking Binance...
[2026-02-23T15:13:56.978Z] INFO ✅ Binance: $65945.55
[2026-02-23T15:14:01.707Z] INFO Checking Binance...
[2026-02-23T15:14:02.020Z] INFO ✅ Binance: $65954.56
[2026-02-23T15:14:06.708Z] INFO Checking Binance...
[2026-02-23T15:14:06.965Z] INFO ✅ Binance: $65970.42
[2026-02-23T15:14:11.709Z] INFO Checking Binance...
[2026-02-23T15:14:11.980Z] INFO ✅ Binance: $65981.13
[2026-02-23T15:14:16.710Z] INFO Checking Binance...
[2026-02-23T15:14:16.967Z] INFO ✅ Binance: $65995.37
[2026-02-23T15:14:21.711Z] INFO Checking Binance...
[2026-02-23T15:14:21.983Z] INFO ✅ Binance: $65981.27
[2026-02-23T15:14:26.712Z] INFO Checking Binance...
[2026-02-23T15:14:26.983Z] INFO ✅ Binance: $65985.88
[2026-02-23T15:14:31.714Z] INFO Checking Binance...
[2026-02-23T15:14:31.986Z] INFO ✅ Binance: $65982.44
[2026-02-23T15:14:36.715Z] INFO Checking Binance...
[2026-02-23T15:14:36.973Z] INFO ✅ Binance: $65960.84
[2026-02-23T15:14:41.716Z] INFO Checking Binance...
[2026-02-23T15:14:41.974Z] INFO ✅ Binance: $65956.58
[2026-02-23T15:14:46.717Z] INFO Checking Binance...
[2026-02-23T15:14:46.993Z] INFO ✅ Binance: $65948.53
[2026-02-23T15:14:51.718Z] INFO Checking Binance...
[2026-02-23T15:14:51.990Z] INFO ✅ Binance: $65941.49
[2026-02-23T15:14:56.719Z] INFO Checking Binance...
[2026-02-23T15:14:56.991Z] INFO ✅ Binance: $65945.55
[2026-02-23T15:15:01.720Z] INFO Checking Binance...
[2026-02-23T15:15:02.002Z] INFO ✅ Binance: $65948.4
[2026-02-23T15:15:06.721Z] INFO Checking Binance...
[2026-02-23T15:15:06.995Z] INFO ✅ Binance: $65941.96
[2026-02-23T15:15:11.722Z] INFO Checking Binance...
[2026-02-23T15:15:11.980Z] INFO ✅ Binance: $65970.35
[2026-02-23T15:15:16.723Z] INFO Checking Binance...
[2026-02-23T15:15:17.032Z] INFO ✅ Binance: $65978.02
[2026-02-23T15:15:21.725Z] INFO Checking Binance...
[2026-02-23T15:15:21.998Z] INFO ✅ Binance: $65958.03
[2026-02-23T15:15:26.726Z] INFO Checking Binance...
[2026-02-23T15:15:27.001Z] INFO ✅ Binance: $65962.64
[2026-02-23T15:15:31.727Z] INFO Checking Binance...
[2026-02-23T15:15:32.002Z] INFO ✅ Binance: $65948.4
[2026-02-23T15:15:36.729Z] INFO Checking Binance...
[2026-02-23T15:15:37.004Z] INFO ✅ Binance: $65967.63
[2026-02-23T15:15:41.731Z] INFO Checking Binance...
[2026-02-23T15:15:41.989Z] INFO ✅ Binance: $65931.12
[2026-02-23T15:15:46.732Z] INFO Checking Binance...
[2026-02-23T15:15:47.006Z] INFO ✅ Binance: $65924
[2026-02-23T15:15:51.733Z] INFO Checking Binance...
[2026-02-23T15:15:52.006Z] INFO ✅ Binance: $65924
[2026-02-23T15:15:56.734Z] INFO Checking Binance...
[2026-02-23T15:15:57.006Z] INFO ✅ Binance: $65953.82
[2026-02-23T15:16:01.735Z] INFO Checking Binance...
[2026-02-23T15:16:01.994Z] INFO ✅ Binance: $65959.59
[2026-02-23T15:16:06.736Z] INFO Checking Binance...
[2026-02-23T15:16:07.011Z] INFO ✅ Binance: $65944.57
[2026-02-23T15:16:11.737Z] INFO Checking Binance...
[2026-02-23T15:16:11.993Z] INFO ✅ Binance: $65975.01
[2026-02-23T15:16:16.738Z] INFO Checking Binance...
[2026-02-23T15:16:17.012Z] INFO ✅ Binance: $65976.75
[2026-02-23T15:16:21.739Z] INFO Checking Binance...
[2026-02-23T15:16:22.012Z] INFO ✅ Binance: $65985.03
[2026-02-23T15:16:26.740Z] INFO Checking Binance...
[2026-02-23T15:16:26.999Z] INFO ✅ Binance: $66011.39
[2026-02-23T15:16:31.741Z] INFO Checking Binance...
[2026-02-23T15:16:32.014Z] INFO ✅ Binance: $66011.35
[2026-02-23T15:16:36.742Z] INFO Checking Binance...
[2026-02-23T15:16:37.022Z] INFO ✅ Binance: $66002.34
[2026-02-23T15:16:41.743Z] INFO Checking Binance...
[2026-02-23T15:16:42.017Z] INFO ✅ Binance: $65979.82
[2026-02-23T15:16:46.744Z] INFO Checking Binance...
[2026-02-23T15:16:47.019Z] INFO ✅ Binance: $65961.12
[2026-02-23T15:16:51.745Z] INFO Checking Binance...
[2026-02-23T15:16:52.018Z] INFO ✅ Binance: $65961.11
[2026-02-23T15:16:56.746Z] INFO Checking Binance...
[2026-02-23T15:16:57.007Z] INFO ✅ Binance: $65963.71
[2026-02-23T15:17:01.748Z] INFO Checking Binance...
[2026-02-23T15:17:02.011Z] INFO ✅ Binance: $65996.56
[2026-02-23T15:17:06.750Z] INFO Checking Binance...
[2026-02-23T15:17:07.027Z] INFO ✅ Binance: $66003.55
[2026-02-23T15:17:11.751Z] INFO Checking Binance...
[2026-02-23T15:17:12.026Z] INFO ✅ Binance: $66011.38
[2026-02-23T15:17:16.752Z] INFO Checking Binance...
[2026-02-23T15:17:17.170Z] INFO ✅ Binance: $65987.85
[2026-02-23T15:17:21.754Z] INFO Checking Binance...
[2026-02-23T15:17:22.026Z] INFO ✅ Binance: $65999.7
[2026-02-23T15:17:26.755Z] INFO Checking Binance...
[2026-02-23T15:17:27.029Z] INFO ✅ Binance: $65973.65
[2026-02-23T15:17:31.756Z] INFO Checking Binance...
[2026-02-23T15:17:32.026Z] INFO ✅ Binance: $65964
[2026-02-23T15:17:36.757Z] INFO Checking Binance...
[2026-02-23T15:17:37.014Z] INFO ✅ Binance: $65981.46
[2026-02-23T15:17:41.758Z] INFO Checking Binance...
[2026-02-23T15:17:42.032Z] INFO ✅ Binance: $66099.99
[2026-02-23T15:17:46.759Z] INFO Checking Binance...
[2026-02-23T15:17:47.501Z] INFO ✅ Binance: $66179.96
[2026-02-23T15:17:51.760Z] INFO Checking Binance...
[2026-02-23T15:17:52.546Z] INFO ✅ Binance: $66136.95
[2026-02-23T15:17:56.761Z] INFO Checking Binance...
[2026-02-23T15:17:57.040Z] INFO ✅ Binance: $66113.58
[2026-02-23T15:18:01.762Z] INFO Checking Binance...
[2026-02-23T15:18:02.020Z] INFO ✅ Binance: $66148.08
[2026-02-23T15:18:06.763Z] INFO Checking Binance...
[2026-02-23T15:18:07.036Z] INFO ✅ Binance: $66195.82
[2026-02-23T15:18:11.765Z] INFO Checking Binance...
[2026-02-23T15:18:12.038Z] INFO ✅ Binance: $66207.6
[2026-02-23T15:18:16.766Z] INFO Checking Binance...
[2026-02-23T15:18:17.051Z] INFO ✅ Binance: $66188.46
[2026-02-23T15:18:21.768Z] INFO Checking Binance...
[2026-02-23T15:18:22.043Z] INFO ✅ Binance: $66194.06
[2026-02-23T15:18:26.768Z] INFO Checking Binance...
[2026-02-23T15:18:27.030Z] INFO ✅ Binance: $66184.36
[2026-02-23T15:18:31.769Z] INFO Checking Binance...
[2026-02-23T15:18:32.045Z] INFO ✅ Binance: $66171.24
[2026-02-23T15:18:36.770Z] INFO Checking Binance...
[2026-02-23T15:18:37.046Z] INFO ✅ Binance: $66164.62
[2026-02-23T15:18:41.771Z] INFO Checking Binance...
[2026-02-23T15:18:42.046Z] INFO ✅ Binance: $66145.77
[2026-02-23T15:18:46.773Z] INFO Checking Binance...
[2026-02-23T15:18:47.032Z] INFO ✅ Binance: $66164.32
[2026-02-23T15:18:51.773Z] INFO Checking Binance...
[2026-02-23T15:18:52.046Z] INFO ✅ Binance: $66156.28
[2026-02-23T15:18:56.774Z] INFO Checking Binance...
[2026-02-23T15:18:57.048Z] INFO ✅ Binance: $66183.98
[2026-02-23T15:19:01.776Z] INFO Checking Binance...
[2026-02-23T15:19:02.048Z] INFO ✅ Binance: $66179.34
[2026-02-23T15:19:06.776Z] INFO Checking Binance...
[2026-02-23T15:19:07.050Z] INFO ✅ Binance: $66168.77
[2026-02-23T15:19:11.777Z] INFO Checking Binance...
[2026-02-23T15:19:12.041Z] INFO ✅ Binance: $66132.16
[2026-02-23T15:19:16.778Z] INFO Checking Binance...
[2026-02-23T15:19:17.056Z] INFO ✅ Binance: $66124.66
[2026-02-23T15:19:21.779Z] INFO Checking Binance...
[2026-02-23T15:19:22.057Z] INFO ✅ Binance: $66100
[2026-02-23T15:19:26.780Z] INFO Checking Binance...
[2026-02-23T15:19:27.038Z] INFO ✅ Binance: $66086.11
[2026-02-23T15:19:31.782Z] INFO Checking Binance...
[2026-02-23T15:19:32.038Z] INFO ✅ Binance: $66083.1
[2026-02-23T15:19:36.782Z] INFO Checking Binance...
[2026-02-23T15:19:37.075Z] INFO ✅ Binance: $66078
[2026-02-23T15:19:41.784Z] INFO Checking Binance...
[2026-02-23T15:19:42.058Z] INFO ✅ Binance: $66093.02
[2026-02-23T15:19:46.784Z] INFO Checking Binance...
[2026-02-23T15:19:47.576Z] INFO ✅ Binance: $66061.61
[2026-02-23T15:19:51.785Z] INFO Checking Binance...
[2026-02-23T15:19:52.076Z] INFO ✅ Binance: $66040.39
[2026-02-23T15:19:56.787Z] INFO Checking Binance...
[2026-02-23T15:19:57.060Z] INFO ✅ Binance: $66025.14
[2026-02-23T15:20:01.787Z] INFO Checking Binance...
[2026-02-23T15:20:02.065Z] INFO ✅ Binance: $65987
[2026-02-23T15:20:06.788Z] INFO Checking Binance...
[2026-02-23T15:20:07.783Z] INFO ✅ Binance: $65974.91
[2026-02-23T15:20:11.788Z] INFO Checking Binance...
[2026-02-23T15:20:12.063Z] INFO ✅ Binance: $65983.33
[2026-02-23T15:20:16.790Z] INFO Checking Binance...
[2026-02-23T15:20:17.062Z] INFO ✅ Binance: $65999.99
[2026-02-23T15:20:21.790Z] INFO Checking Binance...
[2026-02-23T15:20:22.050Z] INFO ✅ Binance: $66012.82
[2026-02-23T15:20:26.791Z] INFO Checking Binance...
[2026-02-23T15:20:27.070Z] INFO ✅ Binance: $65995.26
[2026-02-23T15:20:31.792Z] INFO Checking Binance...
[2026-02-23T15:20:32.075Z] INFO ✅ Binance: $65985.75
[2026-02-23T15:20:36.793Z] INFO Checking Binance...
[2026-02-23T15:20:37.066Z] INFO ✅ Binance: $65974.81
[2026-02-23T15:20:41.794Z] INFO Checking Binance...
[2026-02-23T15:20:42.068Z] INFO ✅ Binance: $65974.92
[2026-02-23T15:20:46.795Z] INFO Checking Binance...
[2026-02-23T15:20:47.532Z] INFO ✅ Binance: $66009.31
[2026-02-23T15:20:51.796Z] INFO Checking Binance...
[2026-02-23T15:20:52.071Z] INFO ✅ Binance: $66026.59
[2026-02-23T15:20:56.798Z] INFO Checking Binance...
[2026-02-23T15:20:57.110Z] INFO ✅ Binance: $66015.76
[2026-02-23T15:21:01.799Z] INFO Checking Binance...
[2026-02-23T15:21:02.056Z] INFO ✅ Binance: $66003.26
[2026-02-23T15:21:06.799Z] INFO Checking Binance...
[2026-02-23T15:21:07.072Z] INFO ✅ Binance: $66021.11
[2026-02-23T15:21:11.800Z] INFO Checking Binance...
[2026-02-23T15:21:12.075Z] INFO ✅ Binance: $66022.01
[2026-02-23T15:21:16.802Z] INFO Checking Binance...
[2026-02-23T15:21:17.063Z] INFO ✅ Binance: $66000.54
[2026-02-23T15:21:21.802Z] INFO Checking Binance...
[2026-02-23T15:21:22.077Z] INFO ✅ Binance: $66020.21
[2026-02-23T15:21:26.804Z] INFO Checking Binance...
[2026-02-23T15:21:27.079Z] INFO ✅ Binance: $66020.22
[2026-02-23T15:21:31.804Z] INFO Checking Binance...
[2026-02-23T15:21:32.076Z] INFO ✅ Binance: $66032.89
[2026-02-23T15:21:36.805Z] INFO Checking Binance...
[2026-02-23T15:21:37.079Z] INFO ✅ Binance: $66007.64
[2026-02-23T15:21:41.806Z] INFO Checking Binance...
[2026-02-23T15:21:42.295Z] INFO ✅ Binance: $66041.67
[2026-02-23T15:21:46.807Z] INFO Checking Binance...
[2026-02-23T15:21:47.080Z] INFO ✅ Binance: $66047.72
[2026-02-23T15:21:51.808Z] INFO Checking Binance...
[2026-02-23T15:21:52.083Z] INFO ✅ Binance: $66000
[2026-02-23T15:21:56.809Z] INFO Checking Binance...
[2026-02-23T15:21:57.110Z] INFO ✅ Binance: $65968.35
[2026-02-23T15:22:01.810Z] INFO Checking Binance...
[2026-02-23T15:22:02.094Z] INFO ✅ Binance: $65944.16
[2026-02-23T15:22:06.812Z] INFO Checking Binance...
[2026-02-23T15:22:07.086Z] INFO ✅ Binance: $65958.03
[2026-02-23T15:22:11.812Z] INFO Checking Binance...
[2026-02-23T15:22:12.093Z] INFO ✅ Binance: $65960
[2026-02-23T15:22:16.814Z] INFO Checking Binance...
[2026-02-23T15:22:17.091Z] INFO ✅ Binance: $65964.67
[2026-02-23T15:22:21.814Z] INFO Checking Binance...
[2026-02-23T15:22:22.076Z] INFO ✅ Binance: $65977.19
[2026-02-23T15:22:26.816Z] INFO Checking Binance...
[2026-02-23T15:22:27.072Z] INFO ✅ Binance: $65960.04
[2026-02-23T15:22:31.816Z] INFO Checking Binance...
[2026-02-23T15:22:32.091Z] INFO ✅ Binance: $65966.75
[2026-02-23T15:22:36.818Z] INFO Checking Binance...
[2026-02-23T15:22:37.093Z] INFO ✅ Binance: $65942.01
[2026-02-23T15:22:41.819Z] INFO Checking Binance...
[2026-02-23T15:22:42.079Z] INFO ✅ Binance: $65942
[2026-02-23T15:22:46.820Z] INFO Checking Binance...
[2026-02-23T15:22:47.104Z] INFO ✅ Binance: $65905.27
[2026-02-23T15:22:51.820Z] INFO Checking Binance...
[2026-02-23T15:22:52.083Z] INFO ✅ Binance: $65881.79
[2026-02-23T15:22:56.821Z] INFO Checking Binance...
[2026-02-23T15:22:57.095Z] INFO ✅ Binance: $65883.15
[2026-02-23T15:23:01.822Z] INFO Checking Binance...
[2026-02-23T15:23:02.155Z] INFO ✅ Binance: $65905.74
[2026-02-23T15:23:06.824Z] INFO Checking Binance...
[2026-02-23T15:23:07.614Z] INFO ✅ Binance: $65916.19
[2026-02-23T15:23:11.825Z] INFO Checking Binance...
[2026-02-23T15:23:12.100Z] INFO ✅ Binance: $65935.89
[2026-02-23T15:23:16.826Z] INFO Checking Binance...
[2026-02-23T15:23:17.099Z] INFO ✅ Binance: $65935.89
[2026-02-23T15:23:21.826Z] INFO Checking Binance...
[2026-02-23T15:23:22.101Z] INFO ✅ Binance: $65954.27
[2026-02-23T15:23:26.827Z] INFO Checking Binance...
[2026-02-23T15:23:27.100Z] INFO ✅ Binance: $65987.97
[2026-02-23T15:23:31.829Z] INFO Checking Binance...
[2026-02-23T15:23:32.102Z] INFO ✅ Binance: $65978.82
[2026-02-23T15:23:36.831Z] INFO Checking Binance...
[2026-02-23T15:23:37.092Z] INFO ✅ Binance: $65997.54
[2026-02-23T15:23:41.832Z] INFO Checking Binance...
[2026-02-23T15:23:42.108Z] INFO ✅ Binance: $65992.16
[2026-02-23T15:23:46.833Z] INFO Checking Binance...
[2026-02-23T15:23:47.106Z] INFO ✅ Binance: $65992.17
[2026-02-23T15:23:51.835Z] INFO Checking Binance...
[2026-02-23T15:23:52.108Z] INFO ✅ Binance: $65973
[2026-02-23T15:23:56.836Z] INFO Checking Binance...
[2026-02-23T15:23:57.110Z] INFO ✅ Binance: $65971.92
[2026-02-23T15:24:01.838Z] INFO Checking Binance...
[2026-02-23T15:24:02.112Z] INFO ✅ Binance: $65974.63
[2026-02-23T15:24:06.840Z] INFO Checking Binance...
[2026-02-23T15:24:07.112Z] INFO ✅ Binance: $65963.57
[2026-02-23T15:24:11.841Z] INFO Checking Binance...
[2026-02-23T15:24:12.099Z] INFO ✅ Binance: $65972.81
[2026-02-23T15:24:16.842Z] INFO Checking Binance...
[2026-02-23T15:24:17.112Z] INFO ✅ Binance: $65991.06
[2026-02-23T15:24:21.844Z] INFO Checking Binance...
[2026-02-23T15:24:22.118Z] INFO ✅ Binance: $66000
[2026-02-23T15:24:26.845Z] INFO Checking Binance...
[2026-02-23T15:24:27.119Z] INFO ✅ Binance: $66001.45
[2026-02-23T15:24:31.847Z] INFO Checking Binance...
[2026-02-23T15:24:32.105Z] INFO ✅ Binance: $66001.45
[2026-02-23T15:24:36.848Z] INFO Checking Binance...
[2026-02-23T15:24:37.125Z] INFO ✅ Binance: $66021.03
[2026-02-23T15:24:41.850Z] INFO Checking Binance...
[2026-02-23T15:24:42.123Z] INFO ✅ Binance: $66003.97
[2026-02-23T15:24:46.851Z] INFO Checking Binance...
[2026-02-23T15:24:47.115Z] INFO ✅ Binance: $65980
[2026-02-23T15:24:51.852Z] INFO Checking Binance...
[2026-02-23T15:24:52.125Z] INFO ✅ Binance: $65966.14
[2026-02-23T15:24:56.853Z] INFO Checking Binance...
[2026-02-23T15:24:57.125Z] INFO ✅ Binance: $65937.11
[2026-02-23T15:25:01.855Z] INFO Checking Binance...
[2026-02-23T15:25:02.129Z] INFO ✅ Binance: $65910
[2026-02-23T15:25:06.856Z] INFO Checking Binance...
[2026-02-23T15:25:07.133Z] INFO ✅ Binance: $65917.21
[2026-02-23T15:25:11.857Z] INFO Checking Binance...
[2026-02-23T15:25:12.130Z] INFO ✅ Binance: $65897.55
[2026-02-23T15:25:16.858Z] INFO Checking Binance...
[2026-02-23T15:25:17.132Z] INFO ✅ Binance: $65901.1
[2026-02-23T15:25:21.860Z] INFO Checking Binance...
[2026-02-23T15:25:22.133Z] INFO ✅ Binance: $65891.89
[2026-02-23T15:25:26.861Z] INFO Checking Binance...
[2026-02-23T15:25:27.148Z] INFO ✅ Binance: $65895.41
[2026-02-23T15:25:31.862Z] INFO Checking Binance...
[2026-02-23T15:25:32.183Z] INFO ✅ Binance: $65872.72
[2026-02-23T15:25:36.863Z] INFO Checking Binance...
[2026-02-23T15:25:37.135Z] INFO ✅ Binance: $65858.33
[2026-02-23T15:25:41.864Z] INFO Checking Binance...
[2026-02-23T15:25:42.137Z] INFO ✅ Binance: $65858.34
[2026-02-23T15:25:46.865Z] INFO Checking Binance...
[2026-02-23T15:25:47.139Z] INFO ✅ Binance: $65834.62
[2026-02-23T15:25:51.866Z] INFO Checking Binance...
[2026-02-23T15:25:52.141Z] INFO ✅ Binance: $65808.01
[2026-02-23T15:25:56.867Z] INFO Checking Binance...
[2026-02-23T15:25:57.142Z] INFO ✅ Binance: $65825.49
[2026-02-23T15:26:01.869Z] INFO Checking Binance...
[2026-02-23T15:26:02.148Z] INFO ✅ Binance: $65807.11
[2026-02-23T15:26:06.870Z] INFO Checking Binance...
[2026-02-23T15:26:07.613Z] INFO ✅ Binance: $65787.75
[2026-02-23T15:26:11.871Z] INFO Checking Binance...
[2026-02-23T15:26:12.126Z] INFO ✅ Binance: $65810.14
[2026-02-23T15:26:16.872Z] INFO Checking Binance...
[2026-02-23T15:26:17.146Z] INFO ✅ Binance: $65820.75
[2026-02-23T15:26:21.873Z] INFO Checking Binance...
[2026-02-23T15:26:22.614Z] INFO ✅ Binance: $65823.17
[2026-02-23T15:26:26.874Z] INFO Checking Binance...
[2026-02-23T15:26:27.131Z] INFO ✅ Binance: $65809.37
[2026-02-23T15:26:31.875Z] INFO Checking Binance...
[2026-02-23T15:26:32.133Z] INFO ✅ Binance: $65809.36
[2026-02-23T15:26:36.877Z] INFO Checking Binance...
[2026-02-23T15:26:37.134Z] INFO ✅ Binance: $65792.78
[2026-02-23T15:26:41.878Z] INFO Checking Binance...
[2026-02-23T15:26:42.153Z] INFO ✅ Binance: $65798.77
[2026-02-23T15:26:46.879Z] INFO Checking Binance...
[2026-02-23T15:26:47.156Z] INFO ✅ Binance: $65817.71
[2026-02-23T15:26:51.880Z] INFO Checking Binance...
[2026-02-23T15:26:52.140Z] INFO ✅ Binance: $65813.95
[2026-02-23T15:26:56.882Z] INFO Checking Binance...
[2026-02-23T15:26:57.153Z] INFO ✅ Binance: $65819.67
[2026-02-23T15:27:01.883Z] INFO Checking Binance...
[2026-02-23T15:27:02.141Z] INFO ✅ Binance: $65810.61
[2026-02-23T15:27:06.884Z] INFO Checking Binance...
[2026-02-23T15:27:07.155Z] INFO ✅ Binance: $65810.61
[2026-02-23T15:27:11.885Z] INFO Checking Binance...
[2026-02-23T15:27:12.159Z] INFO ✅ Binance: $65819.77
[2026-02-23T15:27:16.886Z] INFO Checking Binance...
[2026-02-23T15:27:17.145Z] INFO ✅ Binance: $65817.99
[2026-02-23T15:27:21.887Z] INFO Checking Binance...
[2026-02-23T15:27:22.165Z] INFO ✅ Binance: $65852.15
[2026-02-23T15:27:26.888Z] INFO Checking Binance...
[2026-02-23T15:27:27.160Z] INFO ✅ Binance: $65844.01
[2026-02-23T15:27:31.888Z] INFO Checking Binance...
[2026-02-23T15:27:32.150Z] INFO ✅ Binance: $65839.42
[2026-02-23T15:27:36.889Z] INFO Checking Binance...
[2026-02-23T15:27:37.160Z] INFO ✅ Binance: $65821.65
[2026-02-23T15:27:41.890Z] INFO Checking Binance...
[2026-02-23T15:27:42.149Z] INFO ✅ Binance: $65779.6
[2026-02-23T15:27:46.891Z] INFO Checking Binance...
[2026-02-23T15:27:47.149Z] INFO ✅ Binance: $65791.63
[2026-02-23T15:27:51.893Z] INFO Checking Binance...
[2026-02-23T15:27:52.165Z] INFO ✅ Binance: $65809.81
[2026-02-23T15:27:56.895Z] INFO Checking Binance...
[2026-02-23T15:27:57.153Z] INFO ✅ Binance: $65792.01
[2026-02-23T15:28:01.897Z] INFO Checking Binance...
[2026-02-23T15:28:02.163Z] INFO ✅ Binance: $65800.24
[2026-02-23T15:28:06.898Z] INFO Checking Binance...
[2026-02-23T15:28:07.174Z] INFO ✅ Binance: $65785.5
[2026-02-23T15:28:11.899Z] INFO Checking Binance...
[2026-02-23T15:28:12.158Z] INFO ✅ Binance: $65787.45
[2026-02-23T15:28:16.900Z] INFO Checking Binance...
[2026-02-23T15:28:17.158Z] INFO ✅ Binance: $65765.95
[2026-02-23T15:28:21.902Z] INFO Checking Binance...
[2026-02-23T15:28:22.173Z] INFO ✅ Binance: $65771.23
