2026-02-27 00:36:03: [2026-02-27T00:36:03.394190] 🔍 Checking NDX...
2026-02-27 00:36:03:    Price: 25034.37 | High: 25343.97 | Low: 24618.23
2026-02-27 00:36:03:    Kill Zone: ❌ NO
2026-02-27 00:36:03:    Setup: NONE
2026-02-27 00:36:03:    ⏭️ Skipping - not in kill zone
2026-02-27 00:36:04: [2026-02-27T00:36:04.095169] 🔍 Checking NDX...
2026-02-27 00:36:04:    Price: 25034.37 | High: 25343.97 | Low: 24618.23
2026-02-27 00:36:04:    Kill Zone: ❌ NO
2026-02-27 00:36:04:    Setup: NONE
2026-02-27 00:36:04:    ⏭️ Skipping - not in kill zone
2026-02-27 00:36:04: [2026-02-27T00:36:04.776213] 🔍 Checking NDX...
2026-02-27 00:36:05:    Price: 25034.37 | High: 25343.97 | Low: 24618.23
2026-02-27 00:36:05:    Kill Zone: ❌ NO
2026-02-27 00:36:05:    Setup: NONE
2026-02-27 00:36:05:    ⏭️ Skipping - not in kill zone
2026-02-27 00:36:05: [2026-02-27T00:36:05.458163] 🔍 Checking NDX...
2026-02-27 00:36:05:    Price: 25034.37 | High: 25343.97 | Low: 24618.23
2026-02-27 00:36:05:    Kill Zone: ❌ NO
2026-02-27 00:36:05:    Setup: NONE
2026-02-27 00:36:05:    ⏭️ Skipping - not in kill zone
2026-02-27 00:36:06: [2026-02-27T00:36:06.066120] 🔍 Checking NDX...
2026-02-27 00:36:06:    Price: 25034.37 | High: 25343.97 | Low: 24618.23
2026-02-27 00:36:06:    Kill Zone: ❌ NO
2026-02-27 00:36:06:    Setup: NONE
2026-02-27 00:36:06:    ⏭️ Skipping - not in kill zone
2026-02-27 00:36:06: [2026-02-27T00:36:06.682202] 🔍 Checking NDX...
2026-02-27 00:36:07:    Price: 25034.37 | High: 25343.97 | Low: 24618.23
2026-02-27 00:36:07:    Kill Zone: ❌ NO
2026-02-27 00:36:07:    Setup: NONE
2026-02-27 00:36:07:    ⏭️ Skipping - not in kill zone
2026-02-27 00:36:07: [2026-02-27T00:36:07.461325] 🔍 Checking NDX...
2026-02-27 00:36:07:    Price: 25034.37 | High: 25343.97 | Low: 24618.23
2026-02-27 00:36:07:    Kill Zone: ❌ NO
2026-02-27 00:36:07:    Setup: NONE
2026-02-27 00:36:07:    ⏭️ Skipping - not in kill zone
2026-02-27 00:36:08: [2026-02-27T00:36:08.084272] 🔍 Checking NDX...
2026-02-27 00:36:08:    Price: 25034.37 | High: 25343.97 | Low: 24618.23
2026-02-27 00:36:08:    Kill Zone: ❌ NO
2026-02-27 00:36:08:    Setup: NONE
2026-02-27 00:36:08:    ⏭️ Skipping - not in kill zone
2026-02-27 00:36:08: [2026-02-27T00:36:08.697690] 🔍 Checking NDX...
2026-02-27 00:36:08:    Price: 25034.37 | High: 25343.97 | Low: 24618.23
2026-02-27 00:36:08:    Kill Zone: ❌ NO
2026-02-27 00:36:08:    Setup: NONE
2026-02-27 00:36:08:    ⏭️ Skipping - not in kill zone
2026-02-27 00:36:09: [2026-02-27T00:36:09.290738] 🔍 Checking NDX...
2026-02-27 00:36:09:    Price: 25034.37 | High: 25343.97 | Low: 24618.23
2026-02-27 00:36:09:    Kill Zone: ❌ NO
2026-02-27 00:36:09:    Setup: NONE
2026-02-27 00:36:09:    ⏭️ Skipping - not in kill zone
